<?xml version="1.0" encoding="UTF-8"?>
<!-- Generated by org.testng.reporters.JUnitReportReporter -->
<testsuite hostname="LAPTOP-PK5UFP4N" failures="0" tests="4" name="com.qa.tests.GetAPITest" time="10.753" errors="0" timestamp="2021-07-05T01:27:36 IST" skipped="0">
  <testcase classname="com.qa.tests.GetAPITest" name="getPages" time="6.989"/>
  <system-out/>
  <testcase classname="com.qa.tests.GetAPITest" name="getTags1" time="1.198"/>
  <system-out/>
  <testcase classname="com.qa.tests.GetAPITest" name="getTags2" time="1.322"/>
  <system-out/>
  <testcase classname="com.qa.tests.GetAPITest" name="getAuthor" time="1.244"/>
  <system-out/>
</testsuite> <!-- com.qa.tests.GetAPITest -->
